{
  "RSpec": {
    "coverage": {
      "/Users/ttrjw/Dropbox/Makers/Week_10/bank_challenge/spec/account_spec.rb": [
        null,
        null,
        null,
        null,
        null,
        1,
        null,
        1,
        4,
        1,
        1,
        1,
        1,
        1,
        null,
        1,
        1,
        1,
        1,
        1,
        null,
        1,
        1,
        1,
        1,
        1,
        1,
        null,
        null,
        null,
        null,
        1,
        2,
        1,
        1,
        1,
        1,
        1,
        null,
        null,
        null
      ],
      "/Users/ttrjw/Dropbox/Makers/Week_10/bank_challenge/lib/account.rb": [
        null,
        null,
        1,
        null,
        1,
        1,
        4,
        4,
        null,
        null,
        1,
        6,
        6,
        null,
        null,
        1,
        1,
        1,
        null,
        null,
        1,
        4,
        4,
        4,
        7,
        7,
        null,
        4,
        null,
        null
      ],
      "/Users/ttrjw/Dropbox/Makers/Week_10/bank_challenge/lib/transactions.rb": [
        null,
        null,
        null,
        null,
        null,
        1,
        1,
        null,
        1,
        11,
        null,
        null,
        1,
        10,
        null,
        null,
        1,
        20,
        20,
        null,
        17,
        null,
        null,
        1,
        null,
        11,
        8,
        null,
        3,
        null,
        11,
        null,
        null,
        null,
        1,
        9,
        9,
        9,
        9,
        null,
        null,
        9,
        null,
        null
      ],
      "/Users/ttrjw/Dropbox/Makers/Week_10/bank_challenge/spec/transactions_spec.rb": [
        null,
        null,
        1,
        null,
        1,
        4,
        1,
        1,
        1,
        1,
        null,
        1,
        1,
        1,
        null,
        1,
        1,
        1,
        null,
        null,
        null,
        null,
        1,
        5,
        1,
        1,
        1,
        null,
        1,
        null,
        1,
        1,
        null,
        1,
        null,
        null,
        1,
        1,
        1,
        1,
        1,
        null,
        null,
        1,
        1,
        1,
        1,
        null,
        null
      ]
    },
    "timestamp": 1576600839
  }
}
